# JRE version: Java(TM) SE Runtime Environment (8.0_251-b08) (build 1.8.0_251-b08)
# Java VM: Java HotSpot(TM) 64-Bit Server VM (25.251-b08 mixed mode bsd-amd64 compressed oops)
Heap:
 PSYoungGen      total 281600K, used 12498K [0x0000000795580000, 0x00000007ad580000, 0x00000007c0000000)
  eden space 235520K, 5% used [0x0000000795580000,0x000000079612d240,0x00000007a3b80000)
  from space 46080K, 1% used [0x00000007a3b80000,0x00000007a3c076c0,0x00000007a6880000)
  to   space 46080K, 0% used [0x00000007aa880000,0x00000007aa880000,0x00000007ad580000)
 ParOldGen       total 140288K, used 65634K [0x0000000740000000, 0x0000000748900000, 0x0000000795580000)
  object space 140288K, 46% used [0x0000000740000000,0x00000007440189d0,0x0000000748900000)
 Metaspace       used 25626K, capacity 26007K, committed 26368K, reserved 1073152K
  class space    used 2577K, capacity 2690K, committed 2816K, reserved 1048576K
GC Heap History (10 events):
Event: 8.260 GC heap before
{Heap before GC invocations=9 (full 1):
 PSYoungGen      total 134144K, used 130471K [0x0000000795580000, 0x00000007a5a80000, 0x00000007c0000000)
  eden space 96768K, 100% used [0x0000000795580000,0x000000079b400000,0x000000079b400000)
  from space 37376K, 90% used [0x000000079b400000,0x000000079d4e9ec8,0x000000079d880000)
  to   space 43008K, 0% used [0x00000007a3080000,0x00000007a3080000,0x00000007a5a80000)
 ParOldGen       total 64512K, used 43102K [0x0000000740000000, 0x0000000743f00000, 0x0000000795580000)
  object space 64512K, 66% used [0x0000000740000000,0x0000000742a17b70,0x0000000743f00000)
 Metaspace       used 24691K, capacity 25095K, committed 25472K, reserved 1073152K
  class space    used 2502K, capacity 2622K, committed 2688K, reserved 1048576K
Event: 8.299 GC heap after
Heap after GC invocations=9 (full 1):
 PSYoungGen      total 221696K, used 31547K [0x0000000795580000, 0x00000007a5f00000, 0x00000007c0000000)
  eden space 178688K, 0% used [0x0000000795580000,0x0000000795580000,0x00000007a0400000)
  from space 43008K, 73% used [0x00000007a3080000,0x00000007a4f4ec60,0x00000007a5a80000)
  to   space 45568K, 0% used [0x00000007a0400000,0x00000007a0400000,0x00000007a3080000)
 ParOldGen       total 64512K, used 45838K [0x0000000740000000, 0x0000000743f00000, 0x0000000795580000)
  object space 64512K, 71% used [0x0000000740000000,0x0000000742cc3858,0x0000000743f00000)
 Metaspace       used 24691K, capacity 25095K, committed 25472K, reserved 1073152K
  class space    used 2502K, capacity 2622K, committed 2688K, reserved 1048576K
}
Event: 8.299 GC heap before
{Heap before GC invocations=10 (full 2):
 PSYoungGen      total 221696K, used 31547K [0x0000000795580000, 0x00000007a5f00000, 0x00000007c0000000)
  eden space 178688K, 0% used [0x0000000795580000,0x0000000795580000,0x00000007a0400000)
  from space 43008K, 73% used [0x00000007a3080000,0x00000007a4f4ec60,0x00000007a5a80000)
  to   space 45568K, 0% used [0x00000007a0400000,0x00000007a0400000,0x00000007a3080000)
 ParOldGen       total 64512K, used 45838K [0x0000000740000000, 0x0000000743f00000, 0x0000000795580000)
  object space 64512K, 71% used [0x0000000740000000,0x0000000742cc3858,0x0000000743f00000)
 Metaspace       used 24691K, capacity 25095K, committed 25472K, reserved 1073152K
  class space    used 2502K, capacity 2622K, committed 2688K, reserved 1048576K
Event: 8.462 GC heap after
Heap after GC invocations=10 (full 2):
 PSYoungGen      total 221696K, used 0K [0x0000000795580000, 0x00000007a5f00000, 0x00000007c0000000)
  eden space 178688K, 0% used [0x0000000795580000,0x0000000795580000,0x00000007a0400000)
  from space 43008K, 0% used [0x00000007a3080000,0x00000007a3080000,0x00000007a5a80000)
  to   space 45568K, 0% used [0x00000007a0400000,0x00000007a0400000,0x00000007a3080000)
 ParOldGen       total 140288K, used 63117K [0x0000000740000000, 0x0000000748900000, 0x0000000795580000)
  object space 140288K, 44% used [0x0000000740000000,0x0000000743da3600,0x0000000748900000)
 Metaspace       used 24691K, capacity 25095K, committed 25472K, reserved 1073152K
  class space    used 2502K, capacity 2622K, committed 2688K, reserved 1048576K
}
Event: 9.812 GC heap before
{Heap before GC invocations=11 (full 2):
 PSYoungGen      total 221696K, used 178688K [0x0000000795580000, 0x00000007a5f00000, 0x00000007c0000000)
  eden space 178688K, 100% used [0x0000000795580000,0x00000007a0400000,0x00000007a0400000)
  from space 43008K, 0% used [0x00000007a3080000,0x00000007a3080000,0x00000007a5a80000)
  to   space 45568K, 0% used [0x00000007a0400000,0x00000007a0400000,0x00000007a3080000)
 ParOldGen       total 140288K, used 63117K [0x0000000740000000, 0x0000000748900000, 0x0000000795580000)
  object space 140288K, 44% used [0x0000000740000000,0x0000000743da3600,0x0000000748900000)
 Metaspace       used 24793K, capacity 25229K, committed 25472K, reserved 1073152K
  class space    used 2503K, capacity 2623K, committed 2688K, reserved 1048576K
Event: 9.815 GC heap after
Heap after GC invocations=11 (full 2):
 PSYoungGen      total 224256K, used 2588K [0x0000000795580000, 0x00000007a9c80000, 0x00000007c0000000)
  eden space 178688K, 0% used [0x0000000795580000,0x0000000795580000,0x00000007a0400000)
  from space 45568K, 5% used [0x00000007a0400000,0x00000007a06873d0,0x00000007a3080000)
  to   space 46080K, 0% used [0x00000007a6f80000,0x00000007a6f80000,0x00000007a9c80000)
 ParOldGen       total 140288K, used 63125K [0x0000000740000000, 0x0000000748900000, 0x0000000795580000)
  object space 140288K, 44% used [0x0000000740000000,0x0000000743da5600,0x0000000748900000)
 Metaspace       used 24793K, capacity 25229K, committed 25472K, reserved 1073152K
  class space    used 2503K, capacity 2623K, committed 2688K, reserved 1048576K
}
Event: 11.273 GC heap before
{Heap before GC invocations=12 (full 2):
 PSYoungGen      total 224256K, used 181276K [0x0000000795580000, 0x00000007a9c80000, 0x00000007c0000000)
  eden space 178688K, 100% used [0x0000000795580000,0x00000007a0400000,0x00000007a0400000)
  from space 45568K, 5% used [0x00000007a0400000,0x00000007a06873d0,0x00000007a3080000)
  to   space 46080K, 0% used [0x00000007a6f80000,0x00000007a6f80000,0x00000007a9c80000)
 ParOldGen       total 140288K, used 63125K [0x0000000740000000, 0x0000000748900000, 0x0000000795580000)
  object space 140288K, 44% used [0x0000000740000000,0x0000000743da5600,0x0000000748900000)
 Metaspace       used 24814K, capacity 25229K, committed 25472K, reserved 1073152K
  class space    used 2503K, capacity 2623K, committed 2688K, reserved 1048576K
Event: 11.276 GC heap after
Heap after GC invocations=12 (full 2):
 PSYoungGen      total 274432K, used 2588K [0x0000000795580000, 0x00000007a9580000, 0x00000007c0000000)
  eden space 235520K, 0% used [0x0000000795580000,0x0000000795580000,0x00000007a3b80000)
  from space 38912K, 6% used [0x00000007a6f80000,0x00000007a72073d0,0x00000007a9580000)
  to   space 46080K, 0% used [0x00000007a3b80000,0x00000007a3b80000,0x00000007a6880000)
 ParOldGen       total 140288K, used 63125K [0x0000000740000000, 0x0000000748900000, 0x0000000795580000)
  object space 140288K, 44% used [0x0000000740000000,0x0000000743da5600,0x0000000748900000)
 Metaspace       used 24814K, capacity 25229K, committed 25472K, reserved 1073152K
  class space    used 2503K, capacity 2623K, committed 2688K, reserved 1048576K
}
Event: 13.356 GC heap before
{Heap before GC invocations=13 (full 2):
 PSYoungGen      total 274432K, used 238108K [0x0000000795580000, 0x00000007a9580000, 0x00000007c0000000)
  eden space 235520K, 100% used [0x0000000795580000,0x00000007a3b80000,0x00000007a3b80000)
  from space 38912K, 6% used [0x00000007a6f80000,0x00000007a72073d0,0x00000007a9580000)
  to   space 46080K, 0% used [0x00000007a3b80000,0x00000007a3b80000,0x00000007a6880000)
 ParOldGen       total 140288K, used 63125K [0x0000000740000000, 0x0000000748900000, 0x0000000795580000)
  object space 140288K, 44% used [0x0000000740000000,0x0000000743da5600,0x0000000748900000)
 Metaspace       used 25418K, capacity 25875K, committed 25984K, reserved 1073152K
  class space    used 2562K, capacity 2688K, committed 2688K, reserved 1048576K
Event: 13.359 GC heap after
Heap after GC invocations=13 (full 2):
 PSYoungGen      total 281600K, used 541K [0x0000000795580000, 0x00000007ad580000, 0x00000007c0000000)
  eden space 235520K, 0% used [0x0000000795580000,0x0000000795580000,0x00000007a3b80000)
  from space 46080K, 1% used [0x00000007a3b80000,0x00000007a3c076c0,0x00000007a6880000)
  to   space 46080K, 0% used [0x00000007aa880000,0x00000007aa880000,0x00000007ad580000)
 ParOldGen       total 140288K, used 65634K [0x0000000740000000, 0x0000000748900000, 0x0000000795580000)
  object space 140288K, 46% used [0x0000000740000000,0x00000007440189d0,0x0000000748900000)
 Metaspace       used 25418K, capacity 25875K, committed 25984K, reserved 1073152K
  class space    used 2562K, capacity 2688K, committed 2688K, reserved 1048576K
}

