# JRE version: Java(TM) SE Runtime Environment (8.0_251-b08) (build 1.8.0_251-b08)
# Java VM: Java HotSpot(TM) 64-Bit Server VM (25.251-b08 mixed mode bsd-amd64 compressed oops)
Heap:
 PSYoungGen      total 179200K, used 10176K [0x0000000795580000, 0x00000007a1800000, 0x00000007c0000000)
  eden space 171520K, 4% used [0x0000000795580000,0x0000000795dbbfd0,0x000000079fd00000)
  from space 7680K, 22% used [0x00000007a1080000,0x00000007a1234060,0x00000007a1800000)
  to   space 13824K, 0% used [0x000000079fd00000,0x000000079fd00000,0x00000007a0a80000)
 ParOldGen       total 50176K, used 21418K [0x0000000740000000, 0x0000000743100000, 0x0000000795580000)
  object space 50176K, 42% used [0x0000000740000000,0x00000007414ea9c0,0x0000000743100000)
 Metaspace       used 25423K, capacity 25873K, committed 25984K, reserved 1073152K
  class space    used 2519K, capacity 2665K, committed 2688K, reserved 1048576K
GC Heap History (10 events):
Event: 6.596 GC heap before
{Heap before GC invocations=5 (full 1):
 PSYoungGen      total 38400K, used 33270K [0x0000000795580000, 0x000000079a080000, 0x00000007c0000000)
  eden space 33280K, 99% used [0x0000000795580000,0x00000007975fda88,0x0000000797600000)
  from space 5120K, 0% used [0x0000000797600000,0x0000000797600000,0x0000000797b00000)
  to   space 5120K, 0% used [0x0000000799b80000,0x0000000799b80000,0x000000079a080000)
 ParOldGen       total 50176K, used 7187K [0x0000000740000000, 0x0000000743100000, 0x0000000795580000)
  object space 50176K, 14% used [0x0000000740000000,0x0000000740704f58,0x0000000743100000)
 Metaspace       used 24428K, capacity 24861K, committed 25216K, reserved 1071104K
  class space    used 2503K, capacity 2629K, committed 2688K, reserved 1048576K
Event: 6.611 GC heap after
Heap after GC invocations=5 (full 1):
 PSYoungGen      total 65536K, used 5117K [0x0000000795580000, 0x000000079a080000, 0x00000007c0000000)
  eden space 60416K, 0% used [0x0000000795580000,0x0000000795580000,0x0000000799080000)
  from space 5120K, 99% used [0x0000000799b80000,0x000000079a07f440,0x000000079a080000)
  to   space 5120K, 0% used [0x0000000799680000,0x0000000799680000,0x0000000799b80000)
 ParOldGen       total 50176K, used 16094K [0x0000000740000000, 0x0000000743100000, 0x0000000795580000)
  object space 50176K, 32% used [0x0000000740000000,0x0000000740fb7ab8,0x0000000743100000)
 Metaspace       used 24428K, capacity 24861K, committed 25216K, reserved 1071104K
  class space    used 2503K, capacity 2629K, committed 2688K, reserved 1048576K
}
Event: 10.461 GC heap before
{Heap before GC invocations=6 (full 1):
 PSYoungGen      total 65536K, used 65533K [0x0000000795580000, 0x000000079a080000, 0x00000007c0000000)
  eden space 60416K, 100% used [0x0000000795580000,0x0000000799080000,0x0000000799080000)
  from space 5120K, 99% used [0x0000000799b80000,0x000000079a07f440,0x000000079a080000)
  to   space 5120K, 0% used [0x0000000799680000,0x0000000799680000,0x0000000799b80000)
 ParOldGen       total 50176K, used 16094K [0x0000000740000000, 0x0000000743100000, 0x0000000795580000)
  object space 50176K, 32% used [0x0000000740000000,0x0000000740fb7ab8,0x0000000743100000)
 Metaspace       used 24929K, capacity 25389K, committed 25728K, reserved 1073152K
  class space    used 2505K, capacity 2631K, committed 2688K, reserved 1048576K
Event: 10.474 GC heap after
Heap after GC invocations=6 (full 1):
 PSYoungGen      total 71680K, used 5021K [0x0000000795580000, 0x000000079da00000, 0x00000007c0000000)
  eden space 66560K, 0% used [0x0000000795580000,0x0000000795580000,0x0000000799680000)
  from space 5120K, 98% used [0x0000000799680000,0x0000000799b67450,0x0000000799b80000)
  to   space 14336K, 0% used [0x000000079cc00000,0x000000079cc00000,0x000000079da00000)
 ParOldGen       total 50176K, used 17894K [0x0000000740000000, 0x0000000743100000, 0x0000000795580000)
  object space 50176K, 35% used [0x0000000740000000,0x0000000741179b28,0x0000000743100000)
 Metaspace       used 24929K, capacity 25389K, committed 25728K, reserved 1073152K
  class space    used 2505K, capacity 2631K, committed 2688K, reserved 1048576K
}
Event: 15.244 GC heap before
{Heap before GC invocations=7 (full 1):
 PSYoungGen      total 71680K, used 71581K [0x0000000795580000, 0x000000079da00000, 0x00000007c0000000)
  eden space 66560K, 100% used [0x0000000795580000,0x0000000799680000,0x0000000799680000)
  from space 5120K, 98% used [0x0000000799680000,0x0000000799b67450,0x0000000799b80000)
  to   space 14336K, 0% used [0x000000079cc00000,0x000000079cc00000,0x000000079da00000)
 ParOldGen       total 50176K, used 17894K [0x0000000740000000, 0x0000000743100000, 0x0000000795580000)
  object space 50176K, 35% used [0x0000000740000000,0x0000000741179b28,0x0000000743100000)
 Metaspace       used 25245K, capacity 25709K, committed 25984K, reserved 1073152K
  class space    used 2505K, capacity 2631K, committed 2688K, reserved 1048576K
Event: 15.250 GC heap after
Heap after GC invocations=7 (full 1):
 PSYoungGen      total 121856K, used 5021K [0x0000000795580000, 0x000000079e000000, 0x00000007c0000000)
  eden space 107520K, 0% used [0x0000000795580000,0x0000000795580000,0x000000079be80000)
  from space 14336K, 35% used [0x000000079cc00000,0x000000079d0e7450,0x000000079da00000)
  to   space 13824K, 0% used [0x000000079be80000,0x000000079be80000,0x000000079cc00000)
 ParOldGen       total 50176K, used 17902K [0x0000000740000000, 0x0000000743100000, 0x0000000795580000)
  object space 50176K, 35% used [0x0000000740000000,0x000000074117bb28,0x0000000743100000)
 Metaspace       used 25245K, capacity 25709K, committed 25984K, reserved 1073152K
  class space    used 2505K, capacity 2631K, committed 2688K, reserved 1048576K
}
Event: 22.599 GC heap before
{Heap before GC invocations=8 (full 1):
 PSYoungGen      total 121856K, used 112541K [0x0000000795580000, 0x000000079e000000, 0x00000007c0000000)
  eden space 107520K, 100% used [0x0000000795580000,0x000000079be80000,0x000000079be80000)
  from space 14336K, 35% used [0x000000079cc00000,0x000000079d0e7450,0x000000079da00000)
  to   space 13824K, 0% used [0x000000079be80000,0x000000079be80000,0x000000079cc00000)
 ParOldGen       total 50176K, used 17902K [0x0000000740000000, 0x0000000743100000, 0x0000000795580000)
  object space 50176K, 35% used [0x0000000740000000,0x000000074117bb28,0x0000000743100000)
 Metaspace       used 25357K, capacity 25773K, committed 25984K, reserved 1073152K
  class space    used 2506K, capacity 2631K, committed 2688K, reserved 1048576K
Event: 22.608 GC heap after
Heap after GC invocations=8 (full 1):
 PSYoungGen      total 121344K, used 5085K [0x0000000795580000, 0x00000007a1d80000, 0x00000007c0000000)
  eden space 107520K, 0% used [0x0000000795580000,0x0000000795580000,0x000000079be80000)
  from space 13824K, 36% used [0x000000079be80000,0x000000079c377450,0x000000079cc00000)
  to   space 13312K, 0% used [0x00000007a1080000,0x00000007a1080000,0x00000007a1d80000)
 ParOldGen       total 50176K, used 17910K [0x0000000740000000, 0x0000000743100000, 0x0000000795580000)
  object space 50176K, 35% used [0x0000000740000000,0x000000074117db28,0x0000000743100000)
 Metaspace       used 25357K, capacity 25773K, committed 25984K, reserved 1073152K
  class space    used 2506K, capacity 2631K, committed 2688K, reserved 1048576K
}
Event: 29.985 GC heap before
{Heap before GC invocations=9 (full 1):
 PSYoungGen      total 121344K, used 112605K [0x0000000795580000, 0x00000007a1d80000, 0x00000007c0000000)
  eden space 107520K, 100% used [0x0000000795580000,0x000000079be80000,0x000000079be80000)
  from space 13824K, 36% used [0x000000079be80000,0x000000079c377450,0x000000079cc00000)
  to   space 13312K, 0% used [0x00000007a1080000,0x00000007a1080000,0x00000007a1d80000)
 ParOldGen       total 50176K, used 17910K [0x0000000740000000, 0x0000000743100000, 0x0000000795580000)
  object space 50176K, 35% used [0x0000000740000000,0x000000074117db28,0x0000000743100000)
 Metaspace       used 25358K, capacity 25773K, committed 25984K, reserved 1073152K
  class space    used 2506K, capacity 2631K, committed 2688K, reserved 1048576K
Event: 29.992 GC heap after
Heap after GC invocations=9 (full 1):
 PSYoungGen      total 179200K, used 1744K [0x0000000795580000, 0x00000007a1800000, 0x00000007c0000000)
  eden space 171520K, 0% used [0x0000000795580000,0x0000000795580000,0x000000079fd00000)
  from space 7680K, 22% used [0x00000007a1080000,0x00000007a1234060,0x00000007a1800000)
  to   space 13824K, 0% used [0x000000079fd00000,0x000000079fd00000,0x00000007a0a80000)
 ParOldGen       total 50176K, used 21418K [0x0000000740000000, 0x0000000743100000, 0x0000000795580000)
  object space 50176K, 42% used [0x0000000740000000,0x00000007414ea9c0,0x0000000743100000)
 Metaspace       used 25358K, capacity 25773K, committed 25984K, reserved 1073152K
  class space    used 2506K, capacity 2631K, committed 2688K, reserved 1048576K
}

