# JRE version: Java(TM) SE Runtime Environment (8.0_251-b08) (build 1.8.0_251-b08)
# Java VM: Java HotSpot(TM) 64-Bit Server VM (25.251-b08 mixed mode bsd-amd64 compressed oops)
Heap:
 PSYoungGen      total 67584K, used 57756K [0x0000000795580000, 0x000000079b800000, 0x00000007c0000000)
  eden space 62464K, 90% used [0x0000000795580000,0x0000000798cff3b8,0x0000000799280000)
  from space 5120K, 18% used [0x0000000799280000,0x0000000799368030,0x0000000799780000)
  to   space 15872K, 0% used [0x000000079a880000,0x000000079a880000,0x000000079b800000)
 ParOldGen       total 74752K, used 16438K [0x0000000740000000, 0x0000000744900000, 0x0000000795580000)
  object space 74752K, 21% used [0x0000000740000000,0x000000074100dba0,0x0000000744900000)
 Metaspace       used 21576K, capacity 21947K, committed 22272K, reserved 1069056K
  class space    used 2111K, capacity 2222K, committed 2304K, reserved 1048576K
GC Heap History (10 events):
Event: 5.359 GC heap before
{Heap before GC invocations=2 (full 0):
 PSYoungGen      total 38400K, used 38341K [0x0000000795580000, 0x0000000798000000, 0x00000007c0000000)
  eden space 33280K, 99% used [0x0000000795580000,0x00000007975ff778,0x0000000797600000)
  from space 5120K, 98% used [0x0000000797600000,0x0000000797af1d28,0x0000000797b00000)
  to   space 5120K, 0% used [0x0000000797b00000,0x0000000797b00000,0x0000000798000000)
 ParOldGen       total 87552K, used 16K [0x0000000740000000, 0x0000000745580000, 0x0000000795580000)
  object space 87552K, 0% used [0x0000000740000000,0x0000000740004000,0x0000000745580000)
 Metaspace       used 19764K, capacity 20147K, committed 20352K, reserved 1067008K
  class space    used 2024K, capacity 2118K, committed 2176K, reserved 1048576K
Event: 5.380 GC heap after
Heap after GC invocations=2 (full 0):
 PSYoungGen      total 38400K, used 5101K [0x0000000795580000, 0x0000000798000000, 0x00000007c0000000)
  eden space 33280K, 0% used [0x0000000795580000,0x0000000795580000,0x0000000797600000)
  from space 5120K, 99% used [0x0000000797b00000,0x0000000797ffb450,0x0000000798000000)
  to   space 5120K, 0% used [0x0000000797600000,0x0000000797600000,0x0000000797b00000)
 ParOldGen       total 87552K, used 7966K [0x0000000740000000, 0x0000000745580000, 0x0000000795580000)
  object space 87552K, 9% used [0x0000000740000000,0x00000007407c7be8,0x0000000745580000)
 Metaspace       used 19764K, capacity 20147K, committed 20352K, reserved 1067008K
  class space    used 2024K, capacity 2118K, committed 2176K, reserved 1048576K
}
Event: 5.918 GC heap before
{Heap before GC invocations=3 (full 0):
 PSYoungGen      total 38400K, used 27126K [0x0000000795580000, 0x0000000798000000, 0x00000007c0000000)
  eden space 33280K, 66% used [0x0000000795580000,0x0000000796b02730,0x0000000797600000)
  from space 5120K, 99% used [0x0000000797b00000,0x0000000797ffb450,0x0000000798000000)
  to   space 5120K, 0% used [0x0000000797600000,0x0000000797600000,0x0000000797b00000)
 ParOldGen       total 87552K, used 7966K [0x0000000740000000, 0x0000000745580000, 0x0000000795580000)
  object space 87552K, 9% used [0x0000000740000000,0x00000007407c7be8,0x0000000745580000)
 Metaspace       used 20732K, capacity 21021K, committed 21248K, reserved 1069056K
  class space    used 2099K, capacity 2191K, committed 2304K, reserved 1048576K
Event: 5.929 GC heap after
Heap after GC invocations=3 (full 0):
 PSYoungGen      total 38400K, used 5117K [0x0000000795580000, 0x000000079a080000, 0x00000007c0000000)
  eden space 33280K, 0% used [0x0000000795580000,0x0000000795580000,0x0000000797600000)
  from space 5120K, 99% used [0x0000000797600000,0x0000000797aff430,0x0000000797b00000)
  to   space 5120K, 0% used [0x0000000799b80000,0x0000000799b80000,0x000000079a080000)
 ParOldGen       total 87552K, used 12818K [0x0000000740000000, 0x0000000745580000, 0x0000000795580000)
  object space 87552K, 14% used [0x0000000740000000,0x0000000740c84b88,0x0000000745580000)
 Metaspace       used 20732K, capacity 21021K, committed 21248K, reserved 1069056K
  class space    used 2099K, capacity 2191K, committed 2304K, reserved 1048576K
}
Event: 5.929 GC heap before
{Heap before GC invocations=4 (full 1):
 PSYoungGen      total 38400K, used 5117K [0x0000000795580000, 0x000000079a080000, 0x00000007c0000000)
  eden space 33280K, 0% used [0x0000000795580000,0x0000000795580000,0x0000000797600000)
  from space 5120K, 99% used [0x0000000797600000,0x0000000797aff430,0x0000000797b00000)
  to   space 5120K, 0% used [0x0000000799b80000,0x0000000799b80000,0x000000079a080000)
 ParOldGen       total 87552K, used 12818K [0x0000000740000000, 0x0000000745580000, 0x0000000795580000)
  object space 87552K, 14% used [0x0000000740000000,0x0000000740c84b88,0x0000000745580000)
 Metaspace       used 20732K, capacity 21021K, committed 21248K, reserved 1069056K
  class space    used 2099K, capacity 2191K, committed 2304K, reserved 1048576K
Event: 5.991 GC heap after
Heap after GC invocations=4 (full 1):
 PSYoungGen      total 38400K, used 0K [0x0000000795580000, 0x000000079a080000, 0x00000007c0000000)
  eden space 33280K, 0% used [0x0000000795580000,0x0000000795580000,0x0000000797600000)
  from space 5120K, 0% used [0x0000000797600000,0x0000000797600000,0x0000000797b00000)
  to   space 5120K, 0% used [0x0000000799b80000,0x0000000799b80000,0x000000079a080000)
 ParOldGen       total 74752K, used 16422K [0x0000000740000000, 0x0000000744900000, 0x0000000795580000)
  object space 74752K, 21% used [0x0000000740000000,0x0000000741009ba0,0x0000000744900000)
 Metaspace       used 20726K, capacity 21009K, committed 21248K, reserved 1069056K
  class space    used 2097K, capacity 2187K, committed 2304K, reserved 1048576K
}
Event: 9.175 GC heap before
{Heap before GC invocations=5 (full 1):
 PSYoungGen      total 38400K, used 33280K [0x0000000795580000, 0x000000079a080000, 0x00000007c0000000)
  eden space 33280K, 100% used [0x0000000795580000,0x0000000797600000,0x0000000797600000)
  from space 5120K, 0% used [0x0000000797600000,0x0000000797600000,0x0000000797b00000)
  to   space 5120K, 0% used [0x0000000799b80000,0x0000000799b80000,0x000000079a080000)
 ParOldGen       total 74752K, used 16422K [0x0000000740000000, 0x0000000744900000, 0x0000000795580000)
  object space 74752K, 21% used [0x0000000740000000,0x0000000741009ba0,0x0000000744900000)
 Metaspace       used 21108K, capacity 21463K, committed 21760K, reserved 1069056K
  class space    used 2098K, capacity 2188K, committed 2304K, reserved 1048576K
Event: 9.176 GC heap after
Heap after GC invocations=5 (full 1):
 PSYoungGen      total 50176K, used 928K [0x0000000795580000, 0x0000000799c80000, 0x00000007c0000000)
  eden space 49152K, 0% used [0x0000000795580000,0x0000000795580000,0x0000000798580000)
  from space 1024K, 90% used [0x0000000799b80000,0x0000000799c68030,0x0000000799c80000)
  to   space 5120K, 0% used [0x0000000799280000,0x0000000799280000,0x0000000799780000)
 ParOldGen       total 74752K, used 16430K [0x0000000740000000, 0x0000000744900000, 0x0000000795580000)
  object space 74752K, 21% used [0x0000000740000000,0x000000074100bba0,0x0000000744900000)
 Metaspace       used 21108K, capacity 21463K, committed 21760K, reserved 1069056K
  class space    used 2098K, capacity 2188K, committed 2304K, reserved 1048576K
}
Event: 14.427 GC heap before
{Heap before GC invocations=6 (full 1):
 PSYoungGen      total 50176K, used 50080K [0x0000000795580000, 0x0000000799c80000, 0x00000007c0000000)
  eden space 49152K, 100% used [0x0000000795580000,0x0000000798580000,0x0000000798580000)
  from space 1024K, 90% used [0x0000000799b80000,0x0000000799c68030,0x0000000799c80000)
  to   space 5120K, 0% used [0x0000000799280000,0x0000000799280000,0x0000000799780000)
 ParOldGen       total 74752K, used 16430K [0x0000000740000000, 0x0000000744900000, 0x0000000795580000)
  object space 74752K, 21% used [0x0000000740000000,0x000000074100bba0,0x0000000744900000)
 Metaspace       used 21457K, capacity 21847K, committed 22272K, reserved 1069056K
  class space    used 2098K, capacity 2188K, committed 2304K, reserved 1048576K
Event: 14.429 GC heap after
Heap after GC invocations=6 (full 1):
 PSYoungGen      total 67584K, used 928K [0x0000000795580000, 0x000000079b800000, 0x00000007c0000000)
  eden space 62464K, 0% used [0x0000000795580000,0x0000000795580000,0x0000000799280000)
  from space 5120K, 18% used [0x0000000799280000,0x0000000799368030,0x0000000799780000)
  to   space 15872K, 0% used [0x000000079a880000,0x000000079a880000,0x000000079b800000)
 ParOldGen       total 74752K, used 16438K [0x0000000740000000, 0x0000000744900000, 0x0000000795580000)
  object space 74752K, 21% used [0x0000000740000000,0x000000074100dba0,0x0000000744900000)
 Metaspace       used 21457K, capacity 21847K, committed 22272K, reserved 1069056K
  class space    used 2098K, capacity 2188K, committed 2304K, reserved 1048576K
}

