# JRE version: Java(TM) SE Runtime Environment (8.0_251-b08) (build 1.8.0_251-b08)
# Java VM: Java HotSpot(TM) 64-Bit Server VM (25.251-b08 mixed mode bsd-amd64 compressed oops)
Heap:
 PSYoungGen      total 71680K, used 59779K [0x0000000795580000, 0x00000007a2780000, 0x00000007c0000000)
  eden space 66560K, 89% used [0x0000000795580000,0x0000000798fe0da0,0x0000000799680000)
  from space 5120K, 0% used [0x0000000799680000,0x0000000799680000,0x0000000799b80000)
  to   space 40960K, 0% used [0x000000079ff80000,0x000000079ff80000,0x00000007a2780000)
 ParOldGen       total 123904K, used 43046K [0x0000000740000000, 0x0000000747900000, 0x0000000795580000)
  object space 123904K, 34% used [0x0000000740000000,0x0000000742a09a48,0x0000000747900000)
 Metaspace       used 19594K, capacity 19937K, committed 20352K, reserved 1067008K
  class space    used 1996K, capacity 2087K, committed 2176K, reserved 1048576K
GC Heap History (10 events):
Event: 6.627 GC heap before
{Heap before GC invocations=2 (full 0):
 PSYoungGen      total 38400K, used 38372K [0x0000000795580000, 0x0000000798000000, 0x00000007c0000000)
  eden space 33280K, 100% used [0x0000000795580000,0x0000000797600000,0x0000000797600000)
  from space 5120K, 99% used [0x0000000797600000,0x0000000797af9000,0x0000000797b00000)
  to   space 5120K, 0% used [0x0000000797b00000,0x0000000797b00000,0x0000000798000000)
 ParOldGen       total 87552K, used 16K [0x0000000740000000, 0x0000000745580000, 0x0000000795580000)
  object space 87552K, 0% used [0x0000000740000000,0x0000000740004000,0x0000000745580000)
 Metaspace       used 19064K, capacity 19383K, committed 19584K, reserved 1067008K
  class space    used 1954K, capacity 2052K, committed 2176K, reserved 1048576K
Event: 6.652 GC heap after
Heap after GC invocations=2 (full 0):
 PSYoungGen      total 38400K, used 5104K [0x0000000795580000, 0x0000000798000000, 0x00000007c0000000)
  eden space 33280K, 0% used [0x0000000795580000,0x0000000795580000,0x0000000797600000)
  from space 5120K, 99% used [0x0000000797b00000,0x0000000797ffc0a0,0x0000000798000000)
  to   space 5120K, 0% used [0x0000000797600000,0x0000000797600000,0x0000000797b00000)
 ParOldGen       total 87552K, used 11331K [0x0000000740000000, 0x0000000745580000, 0x0000000795580000)
  object space 87552K, 12% used [0x0000000740000000,0x0000000740b10cd0,0x0000000745580000)
 Metaspace       used 19064K, capacity 19383K, committed 19584K, reserved 1067008K
  class space    used 1954K, capacity 2052K, committed 2176K, reserved 1048576K
}
Event: 7.178 GC heap before
{Heap before GC invocations=3 (full 0):
 PSYoungGen      total 38400K, used 38384K [0x0000000795580000, 0x0000000798000000, 0x00000007c0000000)
  eden space 33280K, 100% used [0x0000000795580000,0x0000000797600000,0x0000000797600000)
  from space 5120K, 99% used [0x0000000797b00000,0x0000000797ffc0a0,0x0000000798000000)
  to   space 5120K, 0% used [0x0000000797600000,0x0000000797600000,0x0000000797b00000)
 ParOldGen       total 87552K, used 11331K [0x0000000740000000, 0x0000000745580000, 0x0000000795580000)
  object space 87552K, 12% used [0x0000000740000000,0x0000000740b10cd0,0x0000000745580000)
 Metaspace       used 19245K, capacity 19607K, committed 19840K, reserved 1067008K
  class space    used 1968K, capacity 2084K, committed 2176K, reserved 1048576K
Event: 7.223 GC heap after
Heap after GC invocations=3 (full 0):
 PSYoungGen      total 38400K, used 5098K [0x0000000795580000, 0x000000079a080000, 0x00000007c0000000)
  eden space 33280K, 0% used [0x0000000795580000,0x0000000795580000,0x0000000797600000)
  from space 5120K, 99% used [0x0000000797600000,0x0000000797afa910,0x0000000797b00000)
  to   space 5120K, 0% used [0x0000000799b80000,0x0000000799b80000,0x000000079a080000)
 ParOldGen       total 87552K, used 39139K [0x0000000740000000, 0x0000000745580000, 0x0000000795580000)
  object space 87552K, 44% used [0x0000000740000000,0x0000000742638d30,0x0000000745580000)
 Metaspace       used 19245K, capacity 19607K, committed 19840K, reserved 1067008K
  class space    used 1968K, capacity 2084K, committed 2176K, reserved 1048576K
}
Event: 8.324 GC heap before
{Heap before GC invocations=4 (full 0):
 PSYoungGen      total 38400K, used 38378K [0x0000000795580000, 0x000000079a080000, 0x00000007c0000000)
  eden space 33280K, 100% used [0x0000000795580000,0x0000000797600000,0x0000000797600000)
  from space 5120K, 99% used [0x0000000797600000,0x0000000797afa910,0x0000000797b00000)
  to   space 5120K, 0% used [0x0000000799b80000,0x0000000799b80000,0x000000079a080000)
 ParOldGen       total 87552K, used 39139K [0x0000000740000000, 0x0000000745580000, 0x0000000795580000)
  object space 87552K, 44% used [0x0000000740000000,0x0000000742638d30,0x0000000745580000)
 Metaspace       used 19367K, capacity 19735K, committed 20096K, reserved 1067008K
  class space    used 1973K, capacity 2084K, committed 2176K, reserved 1048576K
Event: 8.362 GC heap after
Heap after GC invocations=4 (full 0):
 PSYoungGen      total 71680K, used 5108K [0x0000000795580000, 0x000000079a080000, 0x00000007c0000000)
  eden space 66560K, 0% used [0x0000000795580000,0x0000000795580000,0x0000000799680000)
  from space 5120K, 99% used [0x0000000799b80000,0x000000079a07d2c8,0x000000079a080000)
  to   space 5120K, 0% used [0x0000000799680000,0x0000000799680000,0x0000000799b80000)
 ParOldGen       total 87552K, used 51877K [0x0000000740000000, 0x0000000745580000, 0x0000000795580000)
  object space 87552K, 59% used [0x0000000740000000,0x00000007432a9770,0x0000000745580000)
 Metaspace       used 19367K, capacity 19735K, committed 20096K, reserved 1067008K
  class space    used 1973K, capacity 2084K, committed 2176K, reserved 1048576K
}
Event: 8.927 GC heap before
{Heap before GC invocations=5 (full 0):
 PSYoungGen      total 71680K, used 71668K [0x0000000795580000, 0x000000079a080000, 0x00000007c0000000)
  eden space 66560K, 100% used [0x0000000795580000,0x0000000799680000,0x0000000799680000)
  from space 5120K, 99% used [0x0000000799b80000,0x000000079a07d2c8,0x000000079a080000)
  to   space 5120K, 0% used [0x0000000799680000,0x0000000799680000,0x0000000799b80000)
 ParOldGen       total 87552K, used 51877K [0x0000000740000000, 0x0000000745580000, 0x0000000795580000)
  object space 87552K, 59% used [0x0000000740000000,0x00000007432a9770,0x0000000745580000)
 Metaspace       used 19387K, capacity 19735K, committed 20096K, reserved 1067008K
  class space    used 1974K, capacity 2084K, committed 2176K, reserved 1048576K
Event: 8.991 GC heap after
Heap after GC invocations=5 (full 0):
 PSYoungGen      total 71680K, used 5108K [0x0000000795580000, 0x00000007a2780000, 0x00000007c0000000)
  eden space 66560K, 0% used [0x0000000795580000,0x0000000795580000,0x0000000799680000)
  from space 5120K, 99% used [0x0000000799680000,0x0000000799b7d2c8,0x0000000799b80000)
  to   space 40960K, 0% used [0x000000079ff80000,0x000000079ff80000,0x00000007a2780000)
 ParOldGen       total 87552K, used 80133K [0x0000000740000000, 0x0000000745580000, 0x0000000795580000)
  object space 87552K, 91% used [0x0000000740000000,0x0000000744e41570,0x0000000745580000)
 Metaspace       used 19387K, capacity 19735K, committed 20096K, reserved 1067008K
  class space    used 1974K, capacity 2084K, committed 2176K, reserved 1048576K
}
Event: 8.991 GC heap before
{Heap before GC invocations=6 (full 1):
 PSYoungGen      total 71680K, used 5108K [0x0000000795580000, 0x00000007a2780000, 0x00000007c0000000)
  eden space 66560K, 0% used [0x0000000795580000,0x0000000795580000,0x0000000799680000)
  from space 5120K, 99% used [0x0000000799680000,0x0000000799b7d2c8,0x0000000799b80000)
  to   space 40960K, 0% used [0x000000079ff80000,0x000000079ff80000,0x00000007a2780000)
 ParOldGen       total 87552K, used 80133K [0x0000000740000000, 0x0000000745580000, 0x0000000795580000)
  object space 87552K, 91% used [0x0000000740000000,0x0000000744e41570,0x0000000745580000)
 Metaspace       used 19387K, capacity 19735K, committed 20096K, reserved 1067008K
  class space    used 1974K, capacity 2084K, committed 2176K, reserved 1048576K
Event: 9.230 GC heap after
Heap after GC invocations=6 (full 1):
 PSYoungGen      total 71680K, used 0K [0x0000000795580000, 0x00000007a2780000, 0x00000007c0000000)
  eden space 66560K, 0% used [0x0000000795580000,0x0000000795580000,0x0000000799680000)
  from space 5120K, 0% used [0x0000000799680000,0x0000000799680000,0x0000000799b80000)
  to   space 40960K, 0% used [0x000000079ff80000,0x000000079ff80000,0x00000007a2780000)
 ParOldGen       total 123904K, used 43046K [0x0000000740000000, 0x0000000747900000, 0x0000000795580000)
  object space 123904K, 34% used [0x0000000740000000,0x0000000742a09a48,0x0000000747900000)
 Metaspace       used 19387K, capacity 19735K, committed 20096K, reserved 1067008K
  class space    used 1974K, capacity 2084K, committed 2176K, reserved 1048576K
}

